Using pre-set license
Built from '2020.3/china_unity/release' branch; Version is '2020.3.26f1c1 (cf0e0a163043) revision 13569546'; Using compiler version '192528614'; Build Type 'Release'
OS: 'Windows 10  (10.0.19043) 64bit Professional' Language: 'en' Physical Memory: 16295 MB
BatchMode: 1, IsHumanControllingUs: 0, StartBugReporterOnCrash: 0, Is64bit: 1, IsPro: 0

COMMAND LINE ARGUMENTS:
C:\Program Files\Unity\Hub\Editor\2020.3.26f1c1\Editor\Unity.exe
-adb2
-batchMode
-noUpm
-name
AssetImportWorker0
-projectPath
C:/Users/win 10/UCF_project
-logFile
Logs/AssetImportWorker0.log
-srvPort
49372
Successfully changed project path to: C:/Users/win 10/UCF_project
C:/Users/win 10/UCF_project
Using Asset Import Pipeline V2.
AS: AutoStreaming module initializing.Refreshing native plugins compatible for Editor in 61.59 ms, found 2 plugins.
Preloading 0 native plugins for Editor in 0.00 ms.
Initialize engine version: 2020.3.26f1c1 (cf0e0a163043)
[Subsystems] Discovering subsystems at path C:/Program Files/Unity/Hub/Editor/2020.3.26f1c1/Editor/Data/Resources/UnitySubsystems
[Subsystems] Discovering subsystems at path C:/Users/win 10/UCF_project/Assets
GfxDevice: creating device client; threaded=0
Direct3D:
    Version:  Direct3D 11.0 [level 11.1]
    Renderer: NVIDIA GeForce GTX 1080 (ID=0x1be0)
    Vendor:   
    VRAM:     8079 MB
    Driver:   30.0.14.9729
Initialize mono
Mono path[0] = 'C:/Program Files/Unity/Hub/Editor/2020.3.26f1c1/Editor/Data/Managed'
Mono path[1] = 'C:/Program Files/Unity/Hub/Editor/2020.3.26f1c1/Editor/Data/MonoBleedingEdge/lib/mono/unityjit'
Mono config path = 'C:/Program Files/Unity/Hub/Editor/2020.3.26f1c1/Editor/Data/MonoBleedingEdge/etc'
Using monoOptions --debugger-agent=transport=dt_socket,embedding=1,server=y,suspend=n,address=127.0.0.1:56332
Begin MonoManager ReloadAssembly
Registering precompiled unity dll's ...
Register platform support module: C:/Program Files/Unity/Hub/Editor/2020.3.26f1c1/Editor/Data/PlaybackEngines/WindowsStandaloneSupport/UnityEditor.WindowsStandalone.Extensions.dll
Registered in 0.001781 seconds.
Native extension for WindowsStandalone target not found
Refreshing native plugins compatible for Editor in 58.46 ms, found 2 plugins.
Preloading 0 native plugins for Editor in 0.00 ms.
Mono: successfully reloaded assembly
- Completed reload, in  0.531 seconds
Domain Reload Profiling:
	ReloadAssembly (531ms)
		BeginReloadAssembly (46ms)
			ExecutionOrderSort (0ms)
			DisableScriptedObjects (0ms)
			BackupInstance (0ms)
			ReleaseScriptingObjects (0ms)
			CreateAndSetChildDomain (1ms)
		EndReloadAssembly (420ms)
			LoadAssemblies (44ms)
			RebuildTransferFunctionScriptingTraits (0ms)
			SetupTypeCache (130ms)
			ReleaseScriptCaches (0ms)
			RebuildScriptCaches (27ms)
			SetupLoadedEditorAssemblies (170ms)
				LogAssemblyErrors (0ms)
				InitializePlatformSupportModulesInManaged (4ms)
				SetLoadedEditorAssemblies (0ms)
				RefreshPlugins (59ms)
				BeforeProcessingInitializeOnLoad (17ms)
				ProcessInitializeOnLoadAttributes (65ms)
				ProcessInitializeOnLoadMethodAttributes (26ms)
				AfterProcessingInitializeOnLoad (0ms)
				EditorAssembliesLoaded (0ms)
			ExecutionOrderSort2 (0ms)
			AwakeInstancesAfterBackupRestoration (0ms)
Platform modules already initialized, skipping
Registering precompiled user dll's ...
Registered in 0.008707 seconds.
Begin MonoManager ReloadAssembly
Native extension for WindowsStandalone target not found
Refreshing native plugins compatible for Editor in 61.05 ms, found 2 plugins.
Preloading 0 native plugins for Editor in 0.00 ms.
Mono: successfully reloaded assembly
- Completed reload, in  1.113 seconds
Domain Reload Profiling:
	ReloadAssembly (1116ms)
		BeginReloadAssembly (126ms)
			ExecutionOrderSort (0ms)
			DisableScriptedObjects (4ms)
			BackupInstance (0ms)
			ReleaseScriptingObjects (0ms)
			CreateAndSetChildDomain (17ms)
		EndReloadAssembly (934ms)
			LoadAssemblies (83ms)
			RebuildTransferFunctionScriptingTraits (0ms)
			SetupTypeCache (302ms)
			ReleaseScriptCaches (1ms)
			RebuildScriptCaches (53ms)
			SetupLoadedEditorAssemblies (390ms)
				LogAssemblyErrors (0ms)
				InitializePlatformSupportModulesInManaged (3ms)
				SetLoadedEditorAssemblies (0ms)
				RefreshPlugins (61ms)
				BeforeProcessingInitializeOnLoad (91ms)
				ProcessInitializeOnLoadAttributes (219ms)
				ProcessInitializeOnLoadMethodAttributes (9ms)
				AfterProcessingInitializeOnLoad (6ms)
				EditorAssembliesLoaded (0ms)
			ExecutionOrderSort2 (0ms)
			AwakeInstancesAfterBackupRestoration (5ms)
Platform modules already initialized, skipping
========================================================================
Worker process is ready to serve import requests
Launched and connected shader compiler UnityShaderCompiler.exe after 0.06 seconds
Refreshing native plugins compatible for Editor in 0.66 ms, found 2 plugins.
Preloading 0 native plugins for Editor in 0.00 ms.
Unloading 3428 Unused Serialized files (Serialized files now loaded: 0)
System memory in use before: 169.8 MB.
System memory in use after: 170.0 MB.

Unloading 26 unused Assets to reduce memory usage. Loaded Objects now: 3884.
Total: 3.153300 ms (FindLiveObjects: 0.257700 ms CreateObjectMapping: 0.145400 ms MarkObjects: 2.681600 ms  DeleteObjects: 0.068000 ms)

AssetImportParameters requested are different than current active one (requested -> active):
  custom:framework-win-MediaFoundation: 216162199b28c13a410421893ffa2e32 -> 
  custom:video-decoder-ogg-theora: a1e56fd34408186e4bbccfd4996cb3dc -> 
  custom:container-muxer-webm: aa71ff27fc2769a1b78a27578f13a17b -> 
  custom:container-demuxer-webm: 4f35f7cbe854078d1ac9338744f61a02 -> 
  custom:container-demuxer-ogg: 62fdf1f143b41e24485cea50d1cbac27 -> 
  custom:video-encoder-webm-vp8: eb34c28f22e8b96e1ab97ce403110664 -> 
  custom:video-decoder-webm-vp8: 9c59270c3fd7afecdb556c50c9e8de78 -> 
  custom:audio-decoder-ogg-vorbis: bf7c407c2cedff20999df2af8eb42d56 -> 
  custom:audio-encoder-webm-vorbis: bf7c407c2cedff20999df2af8eb42d56 -> 
========================================================================
Received Import Request.
  path: Assets/ItemPrefabs/smalldoor.fbx
  artifactKey: Guid(6df6800093c11c14087c875f5df66b95) Importer(815301076,1909f56bfc062723c751e8b465ee728b)
Start importing Assets/ItemPrefabs/smalldoor.fbx using Guid(6df6800093c11c14087c875f5df66b95) Importer(815301076,1909f56bfc062723c751e8b465ee728b)  -> (artifact id: '16681efb4d0ce9e45b56c31e2c845234') in 0.177507 seconds 
  Import took 0.182789 seconds .

========================================================================
Received Import Request.
  Time since last request: 0.000246 seconds.
  path: Assets/ItemPrefabs/UCF_level2.mb
  artifactKey: Guid(67b0bacf1c265de4ab5789a1ae1e9df1) Importer(815301076,1909f56bfc062723c751e8b465ee728b)
Start importing Assets/ItemPrefabs/UCF_level2.mb using Guid(67b0bacf1c265de4ab5789a1ae1e9df1) Importer(815301076,1909f56bfc062723c751e8b465ee728b)  -> (artifact id: '72737a863377eefbbb8abfe1c0b66845') in 0.631206 seconds 
  Import took 0.637346 seconds .

========================================================================
Received Import Request.
  Time since last request: 0.000298 seconds.
  path: Assets/ItemPrefabs/smalldoor.prefab
  artifactKey: Guid(d586ade9175e93e4a97deaab87ee1d67) Importer(815301076,1909f56bfc062723c751e8b465ee728b)
Start importing Assets/ItemPrefabs/smalldoor.prefab using Guid(d586ade9175e93e4a97deaab87ee1d67) Importer(815301076,1909f56bfc062723c751e8b465ee728b)  -> (artifact id: 'd7e8314aafe53372294c4ae34dff72be') in 0.015484 seconds 
  Import took 0.020438 seconds .

========================================================================
Received Import Request.
  Time since last request: 0.000239 seconds.
  path: Assets/ItemPrefabs/bigdoor.fbx
  artifactKey: Guid(df283d9130785a943aefb9e70d95ada7) Importer(815301076,1909f56bfc062723c751e8b465ee728b)
Start importing Assets/ItemPrefabs/bigdoor.fbx using Guid(df283d9130785a943aefb9e70d95ada7) Importer(815301076,1909f56bfc062723c751e8b465ee728b)  -> (artifact id: 'ae602878eac5212a20b72b8e0c75580c') in 0.039841 seconds 
  Import took 0.044344 seconds .

========================================================================
Received Import Request.
  Time since last request: 0.000236 seconds.
  path: Assets/ItemPrefabs/bigdoor.prefab
  artifactKey: Guid(c8b0680f76215c14587386e22202a347) Importer(815301076,1909f56bfc062723c751e8b465ee728b)
Start importing Assets/ItemPrefabs/bigdoor.prefab using Guid(c8b0680f76215c14587386e22202a347) Importer(815301076,1909f56bfc062723c751e8b465ee728b)  -> (artifact id: '253ac33b9952eafbfbdcb4523088cb41') in 0.009709 seconds 
  Import took 0.014676 seconds .

========================================================================
Received Import Request.
  Time since last request: 12.532653 seconds.
  path: Assets/ItemPrefabs/broken.mat
  artifactKey: Guid(54b422f332b361b4eb4b69e7abd3cb92) Importer(815301076,1909f56bfc062723c751e8b465ee728b)
Start importing Assets/ItemPrefabs/broken.mat using Guid(54b422f332b361b4eb4b69e7abd3cb92) Importer(815301076,1909f56bfc062723c751e8b465ee728b)  -> (artifact id: '5e975389a0b3be7d037b10195a6cc41c') in 0.011199 seconds 
  Import took 0.017506 seconds .

========================================================================
Received Import Request.
  Time since last request: 12.502720 seconds.
  path: Assets/ItemPrefabs/broken.mat
  artifactKey: Guid(54b422f332b361b4eb4b69e7abd3cb92) Importer(815301076,1909f56bfc062723c751e8b465ee728b)
Start importing Assets/ItemPrefabs/broken.mat using Guid(54b422f332b361b4eb4b69e7abd3cb92) Importer(815301076,1909f56bfc062723c751e8b465ee728b)  -> (artifact id: '45a59a2317473b3d6c7f9bd0995e8bc2') in 0.012778 seconds 
  Import took 0.020849 seconds .

========================================================================
Received Prepare
Registering precompiled user dll's ...
Registered in 0.005326 seconds.
Begin MonoManager ReloadAssembly
Native extension for WindowsStandalone target not found
Refreshing native plugins compatible for Editor in 0.59 ms, found 2 plugins.
Preloading 0 native plugins for Editor in 0.00 ms.
Mono: successfully reloaded assembly
- Completed reload, in  1.012 seconds
Domain Reload Profiling:
	ReloadAssembly (1012ms)
		BeginReloadAssembly (115ms)
			ExecutionOrderSort (0ms)
			DisableScriptedObjects (3ms)
			BackupInstance (0ms)
			ReleaseScriptingObjects (0ms)
			CreateAndSetChildDomain (33ms)
		EndReloadAssembly (843ms)
			LoadAssemblies (83ms)
			RebuildTransferFunctionScriptingTraits (0ms)
			SetupTypeCache (293ms)
			ReleaseScriptCaches (1ms)
			RebuildScriptCaches (41ms)
			SetupLoadedEditorAssemblies (331ms)
				LogAssemblyErrors (0ms)
				InitializePlatformSupportModulesInManaged (3ms)
				SetLoadedEditorAssemblies (0ms)
				RefreshPlugins (1ms)
				BeforeProcessingInitializeOnLoad (85ms)
				ProcessInitializeOnLoadAttributes (224ms)
				ProcessInitializeOnLoadMethodAttributes (11ms)
				AfterProcessingInitializeOnLoad (7ms)
				EditorAssembliesLoaded (0ms)
			ExecutionOrderSort2 (0ms)
			AwakeInstancesAfterBackupRestoration (6ms)
Platform modules already initialized, skipping
Refreshing native plugins compatible for Editor in 0.75 ms, found 2 plugins.
Preloading 0 native plugins for Editor in 0.00 ms.
Unloading 3342 Unused Serialized files (Serialized files now loaded: 0)
System memory in use before: 165.6 MB.
System memory in use after: 165.9 MB.

Unloading 20 unused Assets to reduce memory usage. Loaded Objects now: 3929.
Total: 3.544400 ms (FindLiveObjects: 0.327000 ms CreateObjectMapping: 0.166000 ms MarkObjects: 3.024400 ms  DeleteObjects: 0.026100 ms)

AssetImportParameters requested are different than current active one (requested -> active):
  custom:framework-win-MediaFoundation: 216162199b28c13a410421893ffa2e32 -> 
  custom:video-decoder-ogg-theora: a1e56fd34408186e4bbccfd4996cb3dc -> 
  custom:container-muxer-webm: aa71ff27fc2769a1b78a27578f13a17b -> 
  custom:container-demuxer-webm: 4f35f7cbe854078d1ac9338744f61a02 -> 
  custom:container-demuxer-ogg: 62fdf1f143b41e24485cea50d1cbac27 -> 
  custom:video-encoder-webm-vp8: eb34c28f22e8b96e1ab97ce403110664 -> 
  custom:video-decoder-webm-vp8: 9c59270c3fd7afecdb556c50c9e8de78 -> 
  custom:audio-decoder-ogg-vorbis: bf7c407c2cedff20999df2af8eb42d56 -> 
  custom:audio-encoder-webm-vorbis: bf7c407c2cedff20999df2af8eb42d56 -> 
========================================================================
Received Import Request.
  Time since last request: 283.705049 seconds.
  path: Assets/ItemPrefabs/UCF_level2.mb
  artifactKey: Guid(67b0bacf1c265de4ab5789a1ae1e9df1) Importer(815301076,1909f56bfc062723c751e8b465ee728b)
Start importing Assets/ItemPrefabs/UCF_level2.mb using Guid(67b0bacf1c265de4ab5789a1ae1e9df1) Importer(815301076,1909f56bfc062723c751e8b465ee728b)  -> (artifact id: '1583219c36027d12bf32e8631268da24') in 0.724329 seconds 
  Import took 0.731156 seconds .

========================================================================
Received Prepare
Registering precompiled user dll's ...
Registered in 0.006884 seconds.
Begin MonoManager ReloadAssembly
Native extension for WindowsStandalone target not found
Refreshing native plugins compatible for Editor in 0.70 ms, found 2 plugins.
Preloading 0 native plugins for Editor in 0.00 ms.
Mono: successfully reloaded assembly
- Completed reload, in  0.993 seconds
Domain Reload Profiling:
	ReloadAssembly (993ms)
		BeginReloadAssembly (111ms)
			ExecutionOrderSort (0ms)
			DisableScriptedObjects (3ms)
			BackupInstance (0ms)
			ReleaseScriptingObjects (0ms)
			CreateAndSetChildDomain (34ms)
		EndReloadAssembly (828ms)
			LoadAssemblies (81ms)
			RebuildTransferFunctionScriptingTraits (0ms)
			SetupTypeCache (298ms)
			ReleaseScriptCaches (1ms)
			RebuildScriptCaches (37ms)
			SetupLoadedEditorAssemblies (313ms)
				LogAssemblyErrors (0ms)
				InitializePlatformSupportModulesInManaged (3ms)
				SetLoadedEditorAssemblies (0ms)
				RefreshPlugins (1ms)
				BeforeProcessingInitializeOnLoad (84ms)
				ProcessInitializeOnLoadAttributes (209ms)
				ProcessInitializeOnLoadMethodAttributes (9ms)
				AfterProcessingInitializeOnLoad (7ms)
				EditorAssembliesLoaded (0ms)
			ExecutionOrderSort2 (0ms)
			AwakeInstancesAfterBackupRestoration (5ms)
Platform modules already initialized, skipping
Refreshing native plugins compatible for Editor in 0.60 ms, found 2 plugins.
Preloading 0 native plugins for Editor in 0.00 ms.
Unloading 3342 Unused Serialized files (Serialized files now loaded: 0)
System memory in use before: 165.9 MB.
System memory in use after: 166.2 MB.

Unloading 20 unused Assets to reduce memory usage. Loaded Objects now: 3932.
Total: 3.327500 ms (FindLiveObjects: 0.252700 ms CreateObjectMapping: 0.113500 ms MarkObjects: 2.935100 ms  DeleteObjects: 0.025300 ms)

AssetImportParameters requested are different than current active one (requested -> active):
  custom:framework-win-MediaFoundation: 216162199b28c13a410421893ffa2e32 -> 
  custom:video-decoder-ogg-theora: a1e56fd34408186e4bbccfd4996cb3dc -> 
  custom:container-muxer-webm: aa71ff27fc2769a1b78a27578f13a17b -> 
  custom:container-demuxer-webm: 4f35f7cbe854078d1ac9338744f61a02 -> 
  custom:container-demuxer-ogg: 62fdf1f143b41e24485cea50d1cbac27 -> 
  custom:video-encoder-webm-vp8: eb34c28f22e8b96e1ab97ce403110664 -> 
  custom:video-decoder-webm-vp8: 9c59270c3fd7afecdb556c50c9e8de78 -> 
  custom:audio-decoder-ogg-vorbis: bf7c407c2cedff20999df2af8eb42d56 -> 
  custom:audio-encoder-webm-vorbis: bf7c407c2cedff20999df2af8eb42d56 -> 
========================================================================
Received Import Request.
  Time since last request: 143.020568 seconds.
  path: Assets/ItemPrefabs/source
  artifactKey: Guid(5c1365906ab68494ebf36803a38673c8) Importer(815301076,1909f56bfc062723c751e8b465ee728b)
Start importing Assets/ItemPrefabs/source using Guid(5c1365906ab68494ebf36803a38673c8) Importer(815301076,1909f56bfc062723c751e8b465ee728b)  -> (artifact id: 'fbb9d2fec700515e7635538af932e36d') in 0.007138 seconds 
  Import took 0.013611 seconds .

========================================================================
Received Import Request.
  Time since last request: 0.042874 seconds.
  path: Assets/ItemPrefabs/source/BenchFinal.fbx
  artifactKey: Guid(9b319d2786085974fa512a77b8a88b33) Importer(815301076,1909f56bfc062723c751e8b465ee728b)
Start importing Assets/ItemPrefabs/source/BenchFinal.fbx using Guid(9b319d2786085974fa512a77b8a88b33) Importer(815301076,1909f56bfc062723c751e8b465ee728b)  -> (artifact id: '8fa4b3262ada5821a14cf608f35e2b80') in 0.107061 seconds 
  Import took 0.112573 seconds .

========================================================================
Received Import Request.
  Time since last request: 8.102021 seconds.
  path: Assets/ItemPrefabs/textures
  artifactKey: Guid(6d7e2f1c89101894288be389c813a2d9) Importer(815301076,1909f56bfc062723c751e8b465ee728b)
Start importing Assets/ItemPrefabs/textures using Guid(6d7e2f1c89101894288be389c813a2d9) Importer(815301076,1909f56bfc062723c751e8b465ee728b)  -> (artifact id: '2551da36053fc85077d213f873103564') in 0.004383 seconds 
  Import took 0.011961 seconds .

========================================================================
Received Import Request.
  Time since last request: 0.052327 seconds.
  path: Assets/ItemPrefabs/textures/BenchUWW_Bench_Construction_BaseColor.jpg
  artifactKey: Guid(f8a47942f0bb24144a81db50f876a3fa) Importer(815301076,1909f56bfc062723c751e8b465ee728b)
Start importing Assets/ItemPrefabs/textures/BenchUWW_Bench_Construction_BaseColor.jpg using Guid(f8a47942f0bb24144a81db50f876a3fa) Importer(815301076,1909f56bfc062723c751e8b465ee728b)  -> (artifact id: '6dff04e32934d32800c824ff59081df3') in 0.041353 seconds 
  Import took 0.046909 seconds .

========================================================================
Received Import Request.
  Time since last request: 0.000267 seconds.
  path: Assets/ItemPrefabs/textures/BenchUWW_Bench_planks_down_BaseColor.jpg
  artifactKey: Guid(31b144d3b9cfc0d41b38edd0def6e737) Importer(815301076,1909f56bfc062723c751e8b465ee728b)
Start importing Assets/ItemPrefabs/textures/BenchUWW_Bench_planks_down_BaseColor.jpg using Guid(31b144d3b9cfc0d41b38edd0def6e737) Importer(815301076,1909f56bfc062723c751e8b465ee728b)  -> (artifact id: '1f303b52022cdd611173acce1e7fd82e') in 0.015047 seconds 
  Import took 0.019607 seconds .

========================================================================
Received Import Request.
  Time since last request: 0.000229 seconds.
  path: Assets/ItemPrefabs/textures/BenchUWW_Bench_planks_up_BaseColor.jpg
  artifactKey: Guid(fdc0a116a79b27f4fa91421b76305cf2) Importer(815301076,1909f56bfc062723c751e8b465ee728b)
Start importing Assets/ItemPrefabs/textures/BenchUWW_Bench_planks_up_BaseColor.jpg using Guid(fdc0a116a79b27f4fa91421b76305cf2) Importer(815301076,1909f56bfc062723c751e8b465ee728b)  -> (artifact id: 'c35b2d6683bbb7c5d94c7732a0529b1b') in 0.015264 seconds 
  Import took 0.020633 seconds .

========================================================================
Received Import Request.
  Time since last request: 0.000237 seconds.
  path: Assets/ItemPrefabs/textures/BenchUWW_Bench_sides_Roughness.jpg
  artifactKey: Guid(3e40b6fe3a9fd944e809ea475edfdd8b) Importer(815301076,1909f56bfc062723c751e8b465ee728b)
Start importing Assets/ItemPrefabs/textures/BenchUWW_Bench_sides_Roughness.jpg using Guid(3e40b6fe3a9fd944e809ea475edfdd8b) Importer(815301076,1909f56bfc062723c751e8b465ee728b)  -> (artifact id: '0bca38e7f81f63d361c7a310de4aea8b') in 0.013555 seconds 
  Import took 0.018837 seconds .

========================================================================
Received Import Request.
  Time since last request: 0.000234 seconds.
  path: Assets/ItemPrefabs/textures/BenchUWW_Bench_planks_down_Normal.jpg
  artifactKey: Guid(6c4db8d34962f734297d08c0821eeb58) Importer(815301076,1909f56bfc062723c751e8b465ee728b)
Start importing Assets/ItemPrefabs/textures/BenchUWW_Bench_planks_down_Normal.jpg using Guid(6c4db8d34962f734297d08c0821eeb58) Importer(815301076,1909f56bfc062723c751e8b465ee728b)  -> (artifact id: '1259c991376d8b75002db12d82df2470') in 0.016640 seconds 
  Import took 0.022174 seconds .

========================================================================
Received Import Request.
  Time since last request: 0.000223 seconds.
  path: Assets/ItemPrefabs/textures/BenchUWW_Bench_Construction_Normal.jpg
  artifactKey: Guid(62fbd09c6bc694e4baf1fb93bdaba2cb) Importer(815301076,1909f56bfc062723c751e8b465ee728b)
Start importing Assets/ItemPrefabs/textures/BenchUWW_Bench_Construction_Normal.jpg using Guid(62fbd09c6bc694e4baf1fb93bdaba2cb) Importer(815301076,1909f56bfc062723c751e8b465ee728b)  -> (artifact id: '04f574884ec263163ace3190147976a4') in 0.014166 seconds 
  Import took 0.019572 seconds .

========================================================================
Received Import Request.
  Time since last request: 0.000269 seconds.
  path: Assets/ItemPrefabs/textures/BenchUWW_Bench_planks_up_Normal.jpg
  artifactKey: Guid(777b2b0b5e1e20b45afe4e62a48824e3) Importer(815301076,1909f56bfc062723c751e8b465ee728b)
Start importing Assets/ItemPrefabs/textures/BenchUWW_Bench_planks_up_Normal.jpg using Guid(777b2b0b5e1e20b45afe4e62a48824e3) Importer(815301076,1909f56bfc062723c751e8b465ee728b)  -> (artifact id: '2bebd5de845f4216b0d82ee07bc89ead') in 0.013301 seconds 
  Import took 0.018162 seconds .

========================================================================
Received Import Request.
  Time since last request: 0.000242 seconds.
  path: Assets/ItemPrefabs/textures/BenchUWW_Bench_planks_down_Height.jpg
  artifactKey: Guid(25318017c6ee71f4b973accaeeb08585) Importer(815301076,1909f56bfc062723c751e8b465ee728b)
Start importing Assets/ItemPrefabs/textures/BenchUWW_Bench_planks_down_Height.jpg using Guid(25318017c6ee71f4b973accaeeb08585) Importer(815301076,1909f56bfc062723c751e8b465ee728b)  -> (artifact id: '2ebc9335763ecfcadeb09257ff6a2846') in 0.016694 seconds 
  Import took 0.021759 seconds .

========================================================================
Received Import Request.
  Time since last request: 0.000247 seconds.
  path: Assets/ItemPrefabs/textures/BenchUWW_Bench_planks_down_Roughness.jpg
  artifactKey: Guid(5c5f1774110536740aa08a1c482ccfe2) Importer(815301076,1909f56bfc062723c751e8b465ee728b)
Start importing Assets/ItemPrefabs/textures/BenchUWW_Bench_planks_down_Roughness.jpg using Guid(5c5f1774110536740aa08a1c482ccfe2) Importer(815301076,1909f56bfc062723c751e8b465ee728b)  -> (artifact id: '09ca5b114b90d9fce24e29268e74bdc4') in 0.013681 seconds 
  Import took 0.018510 seconds .

========================================================================
Received Import Request.
  Time since last request: 0.000244 seconds.
  path: Assets/ItemPrefabs/textures/BenchUWW_Bench_planks_up_Roughness.jpg
  artifactKey: Guid(afed0416135f77c47a365e9e0057d1b8) Importer(815301076,1909f56bfc062723c751e8b465ee728b)
Start importing Assets/ItemPrefabs/textures/BenchUWW_Bench_planks_up_Roughness.jpg using Guid(afed0416135f77c47a365e9e0057d1b8) Importer(815301076,1909f56bfc062723c751e8b465ee728b)  -> (artifact id: '1ad34591c7bab0679d1129bff1d58374') in 0.016516 seconds 
  Import took 0.021742 seconds .

========================================================================
Received Import Request.
  Time since last request: 0.000208 seconds.
  path: Assets/ItemPrefabs/textures/BenchUWW_Bench_sides_Normal.jpg
  artifactKey: Guid(1a721d120a6f76643976c41e6e2f7f70) Importer(815301076,1909f56bfc062723c751e8b465ee728b)
Start importing Assets/ItemPrefabs/textures/BenchUWW_Bench_sides_Normal.jpg using Guid(1a721d120a6f76643976c41e6e2f7f70) Importer(815301076,1909f56bfc062723c751e8b465ee728b)  -> (artifact id: '6b0b19aa584559d92422a6d2ac2dd1b5') in 0.014948 seconds 
  Import took 0.019824 seconds .

========================================================================
Received Import Request.
  Time since last request: 0.000209 seconds.
  path: Assets/ItemPrefabs/textures/BenchUWW_Bench_sides_Height.jpg
  artifactKey: Guid(96180936d05745a41b50a2e004a977f4) Importer(815301076,1909f56bfc062723c751e8b465ee728b)
Start importing Assets/ItemPrefabs/textures/BenchUWW_Bench_sides_Height.jpg using Guid(96180936d05745a41b50a2e004a977f4) Importer(815301076,1909f56bfc062723c751e8b465ee728b)  -> (artifact id: 'e9cbbfbcb7e20350a36462383c2ac276') in 0.015876 seconds 
  Import took 0.021324 seconds .

========================================================================
Received Import Request.
  Time since last request: 0.000280 seconds.
  path: Assets/ItemPrefabs/textures/BenchUWW_Bench_sides_BaseColor.jpg
  artifactKey: Guid(0c93a57041c28a440823cec21d4b812c) Importer(815301076,1909f56bfc062723c751e8b465ee728b)
Start importing Assets/ItemPrefabs/textures/BenchUWW_Bench_sides_BaseColor.jpg using Guid(0c93a57041c28a440823cec21d4b812c) Importer(815301076,1909f56bfc062723c751e8b465ee728b)  -> (artifact id: '35035f064311c7cb07dd0a9e2b7cce18') in 0.014605 seconds 
  Import took 0.020010 seconds .

========================================================================
Received Import Request.
  Time since last request: 0.000223 seconds.
  path: Assets/ItemPrefabs/textures/BenchUWW_Bench_Construction_Roughness.jpg
  artifactKey: Guid(28c844106e885c143ad11a9ad839c2a5) Importer(815301076,1909f56bfc062723c751e8b465ee728b)
Start importing Assets/ItemPrefabs/textures/BenchUWW_Bench_Construction_Roughness.jpg using Guid(28c844106e885c143ad11a9ad839c2a5) Importer(815301076,1909f56bfc062723c751e8b465ee728b)  -> (artifact id: '4a7461da950b1f039c621122f126fcff') in 0.014267 seconds 
  Import took 0.020416 seconds .

========================================================================
Received Import Request.
  Time since last request: 0.000210 seconds.
  path: Assets/ItemPrefabs/textures/BenchUWW_Bench_planks_up_Height.jpg
  artifactKey: Guid(f75a9da5952db1d428becc39fcfdf971) Importer(815301076,1909f56bfc062723c751e8b465ee728b)
Start importing Assets/ItemPrefabs/textures/BenchUWW_Bench_planks_up_Height.jpg using Guid(f75a9da5952db1d428becc39fcfdf971) Importer(815301076,1909f56bfc062723c751e8b465ee728b)  -> (artifact id: '38322ee84677c150ab7c55ed8ee9dcc3') in 0.013254 seconds 
  Import took 0.018420 seconds .

========================================================================
Received Import Request.
  Time since last request: 0.000235 seconds.
  path: Assets/ItemPrefabs/textures/BenchUWW_Bench_Construction_Height.jpg
  artifactKey: Guid(3ae3b7c5e938a3942936dc4b2d567163) Importer(815301076,1909f56bfc062723c751e8b465ee728b)
Start importing Assets/ItemPrefabs/textures/BenchUWW_Bench_Construction_Height.jpg using Guid(3ae3b7c5e938a3942936dc4b2d567163) Importer(815301076,1909f56bfc062723c751e8b465ee728b)  -> (artifact id: '267fccf9af771030ad22f503905825cc') in 0.016439 seconds 
  Import took 0.022935 seconds .

========================================================================
Received Import Request.
  Time since last request: 1176.177511 seconds.
  path: Assets/ItemPrefabs/textures/DefaultMaterial_Base_Color.png
  artifactKey: Guid(84eaea633c169b744ab1c678a849a24b) Importer(815301076,1909f56bfc062723c751e8b465ee728b)
Start importing Assets/ItemPrefabs/textures/DefaultMaterial_Base_Color.png using Guid(84eaea633c169b744ab1c678a849a24b) Importer(815301076,1909f56bfc062723c751e8b465ee728b)  -> (artifact id: 'd5fe772f302f7fd8a03802d2dc283ae6') in 0.015969 seconds 
  Import took 0.024158 seconds .

========================================================================
Received Import Request.
  Time since last request: 0.000312 seconds.
  path: Assets/ItemPrefabs/textures/DefaultMaterial_Normal.png
  artifactKey: Guid(4f762662f3c3e7245bf704330abaf496) Importer(815301076,1909f56bfc062723c751e8b465ee728b)
Start importing Assets/ItemPrefabs/textures/DefaultMaterial_Normal.png using Guid(4f762662f3c3e7245bf704330abaf496) Importer(815301076,1909f56bfc062723c751e8b465ee728b)  -> (artifact id: '96d6d0949d9b500f355aca0639e02392') in 0.009584 seconds 
  Import took 0.016180 seconds .

========================================================================
Received Import Request.
  Time since last request: 3.616105 seconds.
  path: Assets/ItemPrefabs/textures/DefaultMaterial_Normal.png
  artifactKey: Guid(4f762662f3c3e7245bf704330abaf496) Importer(815301076,1909f56bfc062723c751e8b465ee728b)
Start importing Assets/ItemPrefabs/textures/DefaultMaterial_Normal.png using Guid(4f762662f3c3e7245bf704330abaf496) Importer(815301076,1909f56bfc062723c751e8b465ee728b)  -> (artifact id: 'efbe6780aa8d37c0b8ab5c25da7c4383') in 0.027174 seconds 
  Import took 0.032550 seconds .

========================================================================
Received Prepare
Registering precompiled user dll's ...
Registered in 0.007226 seconds.
Begin MonoManager ReloadAssembly
Native extension for WindowsStandalone target not found
Refreshing native plugins compatible for Editor in 0.65 ms, found 2 plugins.
Preloading 0 native plugins for Editor in 0.00 ms.
Mono: successfully reloaded assembly
- Completed reload, in  1.004 seconds
Domain Reload Profiling:
	ReloadAssembly (1004ms)
		BeginReloadAssembly (99ms)
			ExecutionOrderSort (0ms)
			DisableScriptedObjects (3ms)
			BackupInstance (0ms)
			ReleaseScriptingObjects (0ms)
			CreateAndSetChildDomain (35ms)
		EndReloadAssembly (848ms)
			LoadAssemblies (84ms)
			RebuildTransferFunctionScriptingTraits (0ms)
			SetupTypeCache (297ms)
			ReleaseScriptCaches (1ms)
			RebuildScriptCaches (39ms)
			SetupLoadedEditorAssemblies (323ms)
				LogAssemblyErrors (0ms)
				InitializePlatformSupportModulesInManaged (4ms)
				SetLoadedEditorAssemblies (0ms)
				RefreshPlugins (1ms)
				BeforeProcessingInitializeOnLoad (86ms)
				ProcessInitializeOnLoadAttributes (216ms)
				ProcessInitializeOnLoadMethodAttributes (9ms)
				AfterProcessingInitializeOnLoad (6ms)
				EditorAssembliesLoaded (0ms)
			ExecutionOrderSort2 (0ms)
			AwakeInstancesAfterBackupRestoration (5ms)
Platform modules already initialized, skipping
Refreshing native plugins compatible for Editor in 0.62 ms, found 2 plugins.
Preloading 0 native plugins for Editor in 0.00 ms.
Unloading 3342 Unused Serialized files (Serialized files now loaded: 0)
System memory in use before: 166.6 MB.
System memory in use after: 166.8 MB.

Unloading 19 unused Assets to reduce memory usage. Loaded Objects now: 3938.
Total: 2.907500 ms (FindLiveObjects: 0.243200 ms CreateObjectMapping: 0.142100 ms MarkObjects: 2.504700 ms  DeleteObjects: 0.016700 ms)

AssetImportParameters requested are different than current active one (requested -> active):
  custom:framework-win-MediaFoundation: 216162199b28c13a410421893ffa2e32 -> 
  custom:video-decoder-ogg-theora: a1e56fd34408186e4bbccfd4996cb3dc -> 
  custom:container-muxer-webm: aa71ff27fc2769a1b78a27578f13a17b -> 
  custom:container-demuxer-webm: 4f35f7cbe854078d1ac9338744f61a02 -> 
  custom:container-demuxer-ogg: 62fdf1f143b41e24485cea50d1cbac27 -> 
  custom:video-encoder-webm-vp8: eb34c28f22e8b96e1ab97ce403110664 -> 
  custom:video-decoder-webm-vp8: 9c59270c3fd7afecdb556c50c9e8de78 -> 
  custom:audio-decoder-ogg-vorbis: bf7c407c2cedff20999df2af8eb42d56 -> 
  custom:audio-encoder-webm-vorbis: bf7c407c2cedff20999df2af8eb42d56 -> 
========================================================================
Received Prepare
Registering precompiled user dll's ...
Registered in 0.005446 seconds.
Begin MonoManager ReloadAssembly
Native extension for WindowsStandalone target not found
Refreshing native plugins compatible for Editor in 0.58 ms, found 2 plugins.
Preloading 0 native plugins for Editor in 0.00 ms.
Mono: successfully reloaded assembly
- Completed reload, in  0.997 seconds
Domain Reload Profiling:
	ReloadAssembly (998ms)
		BeginReloadAssembly (121ms)
			ExecutionOrderSort (0ms)
			DisableScriptedObjects (5ms)
			BackupInstance (0ms)
			ReleaseScriptingObjects (0ms)
			CreateAndSetChildDomain (52ms)
		EndReloadAssembly (823ms)
			LoadAssemblies (83ms)
			RebuildTransferFunctionScriptingTraits (0ms)
			SetupTypeCache (292ms)
			ReleaseScriptCaches (1ms)
			RebuildScriptCaches (37ms)
			SetupLoadedEditorAssemblies (317ms)
				LogAssemblyErrors (0ms)
				InitializePlatformSupportModulesInManaged (3ms)
				SetLoadedEditorAssemblies (0ms)
				RefreshPlugins (1ms)
				BeforeProcessingInitializeOnLoad (82ms)
				ProcessInitializeOnLoadAttributes (213ms)
				ProcessInitializeOnLoadMethodAttributes (10ms)
				AfterProcessingInitializeOnLoad (7ms)
				EditorAssembliesLoaded (0ms)
			ExecutionOrderSort2 (0ms)
			AwakeInstancesAfterBackupRestoration (5ms)
Platform modules already initialized, skipping
Refreshing native plugins compatible for Editor in 0.78 ms, found 2 plugins.
Preloading 0 native plugins for Editor in 0.00 ms.
Unloading 3342 Unused Serialized files (Serialized files now loaded: 0)
System memory in use before: 166.6 MB.
System memory in use after: 166.9 MB.

Unloading 19 unused Assets to reduce memory usage. Loaded Objects now: 3940.
Total: 3.346800 ms (FindLiveObjects: 0.309400 ms CreateObjectMapping: 0.176300 ms MarkObjects: 2.831800 ms  DeleteObjects: 0.028500 ms)

AssetImportParameters requested are different than current active one (requested -> active):
  custom:framework-win-MediaFoundation: 216162199b28c13a410421893ffa2e32 -> 
  custom:video-decoder-ogg-theora: a1e56fd34408186e4bbccfd4996cb3dc -> 
  custom:container-muxer-webm: aa71ff27fc2769a1b78a27578f13a17b -> 
  custom:container-demuxer-webm: 4f35f7cbe854078d1ac9338744f61a02 -> 
  custom:container-demuxer-ogg: 62fdf1f143b41e24485cea50d1cbac27 -> 
  custom:video-encoder-webm-vp8: eb34c28f22e8b96e1ab97ce403110664 -> 
  custom:video-decoder-webm-vp8: 9c59270c3fd7afecdb556c50c9e8de78 -> 
  custom:audio-decoder-ogg-vorbis: bf7c407c2cedff20999df2af8eb42d56 -> 
  custom:audio-encoder-webm-vorbis: bf7c407c2cedff20999df2af8eb42d56 -> 
========================================================================
Received Prepare
Registering precompiled user dll's ...
Registered in 0.006319 seconds.
Begin MonoManager ReloadAssembly
Native extension for WindowsStandalone target not found
Refreshing native plugins compatible for Editor in 0.74 ms, found 2 plugins.
Preloading 0 native plugins for Editor in 0.00 ms.
Mono: successfully reloaded assembly
- Completed reload, in  1.058 seconds
Domain Reload Profiling:
	ReloadAssembly (1059ms)
		BeginReloadAssembly (114ms)
			ExecutionOrderSort (0ms)
			DisableScriptedObjects (4ms)
			BackupInstance (0ms)
			ReleaseScriptingObjects (0ms)
			CreateAndSetChildDomain (30ms)
		EndReloadAssembly (886ms)
			LoadAssemblies (92ms)
			RebuildTransferFunctionScriptingTraits (0ms)
			SetupTypeCache (314ms)
			ReleaseScriptCaches (1ms)
			RebuildScriptCaches (44ms)
			SetupLoadedEditorAssemblies (341ms)
				LogAssemblyErrors (0ms)
				InitializePlatformSupportModulesInManaged (3ms)
				SetLoadedEditorAssemblies (0ms)
				RefreshPlugins (1ms)
				BeforeProcessingInitializeOnLoad (88ms)
				ProcessInitializeOnLoadAttributes (231ms)
				ProcessInitializeOnLoadMethodAttributes (10ms)
				AfterProcessingInitializeOnLoad (7ms)
				EditorAssembliesLoaded (0ms)
			ExecutionOrderSort2 (0ms)
			AwakeInstancesAfterBackupRestoration (6ms)
Platform modules already initialized, skipping
Refreshing native plugins compatible for Editor in 0.90 ms, found 2 plugins.
Preloading 0 native plugins for Editor in 0.00 ms.
Unloading 3342 Unused Serialized files (Serialized files now loaded: 0)
System memory in use before: 166.6 MB.
System memory in use after: 166.9 MB.

Unloading 19 unused Assets to reduce memory usage. Loaded Objects now: 3942.
Total: 3.170400 ms (FindLiveObjects: 0.262500 ms CreateObjectMapping: 0.144400 ms MarkObjects: 2.744400 ms  DeleteObjects: 0.018200 ms)

AssetImportParameters requested are different than current active one (requested -> active):
  custom:framework-win-MediaFoundation: 216162199b28c13a410421893ffa2e32 -> 
  custom:video-decoder-ogg-theora: a1e56fd34408186e4bbccfd4996cb3dc -> 
  custom:container-muxer-webm: aa71ff27fc2769a1b78a27578f13a17b -> 
  custom:container-demuxer-webm: 4f35f7cbe854078d1ac9338744f61a02 -> 
  custom:container-demuxer-ogg: 62fdf1f143b41e24485cea50d1cbac27 -> 
  custom:video-encoder-webm-vp8: eb34c28f22e8b96e1ab97ce403110664 -> 
  custom:video-decoder-webm-vp8: 9c59270c3fd7afecdb556c50c9e8de78 -> 
  custom:audio-decoder-ogg-vorbis: bf7c407c2cedff20999df2af8eb42d56 -> 
  custom:audio-encoder-webm-vorbis: bf7c407c2cedff20999df2af8eb42d56 -> 
========================================================================
Received Prepare
Registering precompiled user dll's ...
Registered in 0.005276 seconds.
Begin MonoManager ReloadAssembly
Native extension for WindowsStandalone target not found
Refreshing native plugins compatible for Editor in 0.86 ms, found 2 plugins.
Preloading 0 native plugins for Editor in 0.00 ms.
Mono: successfully reloaded assembly
- Completed reload, in  1.352 seconds
Domain Reload Profiling:
	ReloadAssembly (1355ms)
		BeginReloadAssembly (157ms)
			ExecutionOrderSort (0ms)
			DisableScriptedObjects (10ms)
			BackupInstance (0ms)
			ReleaseScriptingObjects (0ms)
			CreateAndSetChildDomain (73ms)
		EndReloadAssembly (1139ms)
			LoadAssemblies (96ms)
			RebuildTransferFunctionScriptingTraits (0ms)
			SetupTypeCache (311ms)
			ReleaseScriptCaches (1ms)
			RebuildScriptCaches (40ms)
			SetupLoadedEditorAssemblies (594ms)
				LogAssemblyErrors (0ms)
				InitializePlatformSupportModulesInManaged (4ms)
				SetLoadedEditorAssemblies (1ms)
				RefreshPlugins (1ms)
				BeforeProcessingInitializeOnLoad (84ms)
				ProcessInitializeOnLoadAttributes (487ms)
				ProcessInitializeOnLoadMethodAttributes (10ms)
				AfterProcessingInitializeOnLoad (6ms)
				EditorAssembliesLoaded (0ms)
			ExecutionOrderSort2 (0ms)
			AwakeInstancesAfterBackupRestoration (5ms)
Platform modules already initialized, skipping
Refreshing native plugins compatible for Editor in 0.76 ms, found 2 plugins.
Preloading 0 native plugins for Editor in 0.00 ms.
Unloading 3342 Unused Serialized files (Serialized files now loaded: 0)
System memory in use before: 166.7 MB.
System memory in use after: 166.9 MB.

Unloading 19 unused Assets to reduce memory usage. Loaded Objects now: 3944.
Total: 3.069300 ms (FindLiveObjects: 0.237700 ms CreateObjectMapping: 0.134600 ms MarkObjects: 2.669600 ms  DeleteObjects: 0.026600 ms)

AssetImportParameters requested are different than current active one (requested -> active):
  custom:framework-win-MediaFoundation: 216162199b28c13a410421893ffa2e32 -> 
  custom:video-decoder-ogg-theora: a1e56fd34408186e4bbccfd4996cb3dc -> 
  custom:container-muxer-webm: aa71ff27fc2769a1b78a27578f13a17b -> 
  custom:container-demuxer-webm: 4f35f7cbe854078d1ac9338744f61a02 -> 
  custom:container-demuxer-ogg: 62fdf1f143b41e24485cea50d1cbac27 -> 
  custom:video-encoder-webm-vp8: eb34c28f22e8b96e1ab97ce403110664 -> 
  custom:video-decoder-webm-vp8: 9c59270c3fd7afecdb556c50c9e8de78 -> 
  custom:audio-decoder-ogg-vorbis: bf7c407c2cedff20999df2af8eb42d56 -> 
  custom:audio-encoder-webm-vorbis: bf7c407c2cedff20999df2af8eb42d56 -> 
========================================================================
Received Prepare
Registering precompiled user dll's ...
Registered in 0.005202 seconds.
Begin MonoManager ReloadAssembly
Native extension for WindowsStandalone target not found
Refreshing native plugins compatible for Editor in 0.64 ms, found 2 plugins.
Preloading 0 native plugins for Editor in 0.00 ms.
Mono: successfully reloaded assembly
- Completed reload, in  1.094 seconds
Domain Reload Profiling:
	ReloadAssembly (1094ms)
		BeginReloadAssembly (112ms)
			ExecutionOrderSort (0ms)
			DisableScriptedObjects (4ms)
			BackupInstance (0ms)
			ReleaseScriptingObjects (0ms)
			CreateAndSetChildDomain (32ms)
		EndReloadAssembly (908ms)
			LoadAssemblies (83ms)
			RebuildTransferFunctionScriptingTraits (0ms)
			SetupTypeCache (285ms)
			ReleaseScriptCaches (1ms)
			RebuildScriptCaches (39ms)
			SetupLoadedEditorAssemblies (347ms)
				LogAssemblyErrors (0ms)
				InitializePlatformSupportModulesInManaged (4ms)
				SetLoadedEditorAssemblies (0ms)
				RefreshPlugins (1ms)
				BeforeProcessingInitializeOnLoad (92ms)
				ProcessInitializeOnLoadAttributes (234ms)
				ProcessInitializeOnLoadMethodAttributes (9ms)
				AfterProcessingInitializeOnLoad (7ms)
				EditorAssembliesLoaded (0ms)
			ExecutionOrderSort2 (0ms)
			AwakeInstancesAfterBackupRestoration (6ms)
Platform modules already initialized, skipping
Refreshing native plugins compatible for Editor in 0.62 ms, found 2 plugins.
Preloading 0 native plugins for Editor in 0.00 ms.
Unloading 3342 Unused Serialized files (Serialized files now loaded: 0)
System memory in use before: 166.7 MB.
System memory in use after: 166.9 MB.

Unloading 19 unused Assets to reduce memory usage. Loaded Objects now: 3946.
Total: 3.916100 ms (FindLiveObjects: 0.286400 ms CreateObjectMapping: 0.179700 ms MarkObjects: 3.425100 ms  DeleteObjects: 0.023700 ms)

AssetImportParameters requested are different than current active one (requested -> active):
  custom:framework-win-MediaFoundation: 216162199b28c13a410421893ffa2e32 -> 
  custom:video-decoder-ogg-theora: a1e56fd34408186e4bbccfd4996cb3dc -> 
  custom:container-muxer-webm: aa71ff27fc2769a1b78a27578f13a17b -> 
  custom:container-demuxer-webm: 4f35f7cbe854078d1ac9338744f61a02 -> 
  custom:container-demuxer-ogg: 62fdf1f143b41e24485cea50d1cbac27 -> 
  custom:video-encoder-webm-vp8: eb34c28f22e8b96e1ab97ce403110664 -> 
  custom:video-decoder-webm-vp8: 9c59270c3fd7afecdb556c50c9e8de78 -> 
  custom:audio-decoder-ogg-vorbis: bf7c407c2cedff20999df2af8eb42d56 -> 
  custom:audio-encoder-webm-vorbis: bf7c407c2cedff20999df2af8eb42d56 -> 
========================================================================
Received Prepare
Registering precompiled user dll's ...
Registered in 0.006693 seconds.
Begin MonoManager ReloadAssembly
Native extension for WindowsStandalone target not found
Refreshing native plugins compatible for Editor in 0.65 ms, found 2 plugins.
Preloading 0 native plugins for Editor in 0.00 ms.
Mono: successfully reloaded assembly
- Completed reload, in  1.089 seconds
Domain Reload Profiling:
	ReloadAssembly (1089ms)
		BeginReloadAssembly (148ms)
			ExecutionOrderSort (0ms)
			DisableScriptedObjects (5ms)
			BackupInstance (0ms)
			ReleaseScriptingObjects (0ms)
			CreateAndSetChildDomain (55ms)
		EndReloadAssembly (881ms)
			LoadAssemblies (103ms)
			RebuildTransferFunctionScriptingTraits (0ms)
			SetupTypeCache (316ms)
			ReleaseScriptCaches (1ms)
			RebuildScriptCaches (41ms)
			SetupLoadedEditorAssemblies (330ms)
				LogAssemblyErrors (0ms)
				InitializePlatformSupportModulesInManaged (3ms)
				SetLoadedEditorAssemblies (0ms)
				RefreshPlugins (1ms)
				BeforeProcessingInitializeOnLoad (86ms)
				ProcessInitializeOnLoadAttributes (222ms)
				ProcessInitializeOnLoadMethodAttributes (9ms)
				AfterProcessingInitializeOnLoad (7ms)
				EditorAssembliesLoaded (0ms)
			ExecutionOrderSort2 (0ms)
			AwakeInstancesAfterBackupRestoration (6ms)
Platform modules already initialized, skipping
Refreshing native plugins compatible for Editor in 0.61 ms, found 2 plugins.
Preloading 0 native plugins for Editor in 0.00 ms.
Unloading 3342 Unused Serialized files (Serialized files now loaded: 0)
System memory in use before: 166.7 MB.
System memory in use after: 166.9 MB.

Unloading 19 unused Assets to reduce memory usage. Loaded Objects now: 3948.
Total: 3.080700 ms (FindLiveObjects: 0.269000 ms CreateObjectMapping: 0.127000 ms MarkObjects: 2.662700 ms  DeleteObjects: 0.021200 ms)

AssetImportParameters requested are different than current active one (requested -> active):
  custom:framework-win-MediaFoundation: 216162199b28c13a410421893ffa2e32 -> 
  custom:video-decoder-ogg-theora: a1e56fd34408186e4bbccfd4996cb3dc -> 
  custom:container-muxer-webm: aa71ff27fc2769a1b78a27578f13a17b -> 
  custom:container-demuxer-webm: 4f35f7cbe854078d1ac9338744f61a02 -> 
  custom:container-demuxer-ogg: 62fdf1f143b41e24485cea50d1cbac27 -> 
  custom:video-encoder-webm-vp8: eb34c28f22e8b96e1ab97ce403110664 -> 
  custom:video-decoder-webm-vp8: 9c59270c3fd7afecdb556c50c9e8de78 -> 
  custom:audio-decoder-ogg-vorbis: bf7c407c2cedff20999df2af8eb42d56 -> 
  custom:audio-encoder-webm-vorbis: bf7c407c2cedff20999df2af8eb42d56 -> 
AssetImportWorkerClient::OnTransportError - code=2 error=End of file
